13:45:36,772 root INFO 
====================================================
================= START OF PROCESS =================
====================================================

13:45:36,772 root INFO 

13:45:36,828 root ERROR Traceback (most recent call last):

13:45:36,828 root ERROR   File "C:\Users\Haim\PycharmProjects\SeleniumProject\Selenium\Scripts\Autocall.py", line 58, in <module>

13:45:36,828 root ERROR     
13:45:36,828 root ERROR AC_note.to_csv( mainDir+'Scripts\\ACHeatmap.csv')
13:45:36,828 root ERROR 

13:45:36,828 root ERROR   File "C:\Users\Haim\PycharmProjects\SeleniumProject\Selenium\lib\site-packages\pandas\core\generic.py", line 3387, in to_csv

13:45:36,830 root ERROR     
13:45:36,832 root ERROR return DataFrameRenderer(formatter).to_csv(
13:45:36,832 root ERROR 

13:45:36,832 root ERROR   File "C:\Users\Haim\PycharmProjects\SeleniumProject\Selenium\lib\site-packages\pandas\io\formats\format.py", line 1083, in to_csv

13:45:36,833 root ERROR     
13:45:36,833 root ERROR csv_formatter.save()
13:45:36,833 root ERROR 

13:45:36,833 root ERROR   File "C:\Users\Haim\PycharmProjects\SeleniumProject\Selenium\lib\site-packages\pandas\io\formats\csvs.py", line 228, in save

13:45:36,833 root ERROR     
13:45:36,833 root ERROR with get_handle(
13:45:36,833 root ERROR 

13:45:36,833 root ERROR   File "C:\Users\Haim\PycharmProjects\SeleniumProject\Selenium\lib\site-packages\pandas\io\common.py", line 642, in get_handle

13:45:36,834 root ERROR     
13:45:36,834 root ERROR handle = open(
13:45:36,834 root ERROR 

13:45:36,834 root ERROR PermissionError
13:45:36,834 root ERROR : 
13:45:36,834 root ERROR [Errno 13] Permission denied: 'C:\\Users\\Haim\\PycharmProjects\\SeleniumProject\\Selenium\\Scripts\\ACHeatmap.csv'
13:45:36,834 root ERROR 

13:47:36,296 root INFO 
====================================================
================= START OF PROCESS =================
====================================================

13:47:36,296 root INFO 

13:47:36,353 root ERROR Traceback (most recent call last):

13:47:36,353 root ERROR   File "C:\Users\Haim\PycharmProjects\SeleniumProject\Selenium\Scripts\Autocall.py", line 58, in <module>

13:47:36,353 root ERROR     
13:47:36,353 root ERROR AC_note.to_csv( mainDir+'Scripts\\ACHeatmap.csv')
13:47:36,353 root ERROR 

13:47:36,353 root ERROR   File "C:\Users\Haim\PycharmProjects\SeleniumProject\Selenium\lib\site-packages\pandas\core\generic.py", line 3387, in to_csv

13:47:36,355 root ERROR     
13:47:36,355 root ERROR return DataFrameRenderer(formatter).to_csv(
13:47:36,355 root ERROR 

13:47:36,355 root ERROR   File "C:\Users\Haim\PycharmProjects\SeleniumProject\Selenium\lib\site-packages\pandas\io\formats\format.py", line 1083, in to_csv

13:47:36,355 root ERROR     
13:47:36,356 root ERROR csv_formatter.save()
13:47:36,356 root ERROR 

13:47:36,356 root ERROR   File "C:\Users\Haim\PycharmProjects\SeleniumProject\Selenium\lib\site-packages\pandas\io\formats\csvs.py", line 228, in save

13:47:36,356 root ERROR     
13:47:36,356 root ERROR with get_handle(
13:47:36,356 root ERROR 

13:47:36,356 root ERROR   File "C:\Users\Haim\PycharmProjects\SeleniumProject\Selenium\lib\site-packages\pandas\io\common.py", line 642, in get_handle

13:47:36,356 root ERROR     
13:47:36,356 root ERROR handle = open(
13:47:36,357 root ERROR 

13:47:36,357 root ERROR PermissionError
13:47:36,357 root ERROR : 
13:47:36,357 root ERROR [Errno 13] Permission denied: 'C:\\Users\\Haim\\PycharmProjects\\SeleniumProject\\Selenium\\Scripts\\ACHeatmap.csv'
13:47:36,357 root ERROR 

