17:37:41,890 root ERROR C:\Users\Haim\PycharmProjects\SeleniumProject\Selenium\SeleniumProject\TestSanity.py:53: DeprecationWarning: executable_path has been deprecated, please pass in a Service object
  cls.driver = webdriver.Chrome(mainDir + 'Driver\\chromedriver.exe')

17:37:42,434 selenium.webdriver.remote.remote_connection DEBUG POST http://localhost:58429/session {"capabilities": {"firstMatch": [{}], "alwaysMatch": {"browserName": "chrome", "pageLoadStrategy": "normal", "goog:chromeOptions": {"extensions": [], "args": []}}}, "desiredCapabilities": {"browserName": "chrome", "pageLoadStrategy": "normal", "goog:chromeOptions": {"extensions": [], "args": []}}}
17:37:42,435 urllib3.connectionpool DEBUG Starting new HTTP connection (1): localhost:58429
17:37:43,279 urllib3.connectionpool DEBUG http://localhost:58429 "POST /session HTTP/1.1" 200 786
17:37:43,280 selenium.webdriver.remote.remote_connection DEBUG Finished Request
17:37:43,280 selenium.webdriver.remote.remote_connection DEBUG POST http://localhost:58429/session/e82f370cddb0ab8d212f3f935bc35c44/timeouts {"implicit": 5000}
17:37:43,282 urllib3.connectionpool DEBUG http://localhost:58429 "POST /session/e82f370cddb0ab8d212f3f935bc35c44/timeouts HTTP/1.1" 200 14
17:37:43,282 selenium.webdriver.remote.remote_connection DEBUG Finished Request
17:37:43,283 selenium.webdriver.remote.remote_connection DEBUG POST http://localhost:58429/session/e82f370cddb0ab8d212f3f935bc35c44/url {"url": "https://architect.modelity.com/ArchitectProd/#/login"}
17:37:45,928 urllib3.connectionpool DEBUG http://localhost:58429 "POST /session/e82f370cddb0ab8d212f3f935bc35c44/url HTTP/1.1" 200 14
17:37:45,928 selenium.webdriver.remote.remote_connection DEBUG Finished Request
17:37:45,930 root ERROR C:\Users\Haim\PycharmProjects\SeleniumProject\Selenium\SeleniumProject\Pages\login.py:12: DeprecationWarning: find_element_by_* commands are deprecated. Please use find_element() instead
  self.driver.find_element_by_xpath(self.username_path).send_keys(username)

17:37:45,930 selenium.webdriver.remote.remote_connection DEBUG POST http://localhost:58429/session/e82f370cddb0ab8d212f3f935bc35c44/element {"using": "xpath", "value": "//input[@type='text']"}
17:37:46,204 urllib3.connectionpool DEBUG http://localhost:58429 "POST /session/e82f370cddb0ab8d212f3f935bc35c44/element HTTP/1.1" 200 88
17:37:46,204 selenium.webdriver.remote.remote_connection DEBUG Finished Request
17:37:46,204 selenium.webdriver.remote.remote_connection DEBUG POST http://localhost:58429/session/e82f370cddb0ab8d212f3f935bc35c44/element/fc73e0f8-5e22-4e52-bb56-3edf458f7e3d/value {"text": "architect_buyer", "value": ["a", "r", "c", "h", "i", "t", "e", "c", "t", "_", "b", "u", "y", "e", "r"], "id": "fc73e0f8-5e22-4e52-bb56-3edf458f7e3d"}
17:37:46,283 urllib3.connectionpool DEBUG http://localhost:58429 "POST /session/e82f370cddb0ab8d212f3f935bc35c44/element/fc73e0f8-5e22-4e52-bb56-3edf458f7e3d/value HTTP/1.1" 200 14
17:37:46,283 selenium.webdriver.remote.remote_connection DEBUG Finished Request
17:37:46,283 root ERROR C:\Users\Haim\PycharmProjects\SeleniumProject\Selenium\SeleniumProject\Pages\login.py:13: DeprecationWarning: find_element_by_* commands are deprecated. Please use find_element() instead
  self.driver.find_element_by_xpath(self.password_path).send_keys(password)

17:37:46,284 selenium.webdriver.remote.remote_connection DEBUG POST http://localhost:58429/session/e82f370cddb0ab8d212f3f935bc35c44/element {"using": "xpath", "value": "//input[@type='password']"}
17:37:46,303 urllib3.connectionpool DEBUG http://localhost:58429 "POST /session/e82f370cddb0ab8d212f3f935bc35c44/element HTTP/1.1" 200 88
17:37:46,304 selenium.webdriver.remote.remote_connection DEBUG Finished Request
17:37:46,304 selenium.webdriver.remote.remote_connection DEBUG POST http://localhost:58429/session/e82f370cddb0ab8d212f3f935bc35c44/element/810a13ba-cd1f-47f2-8fa2-56cf3e8dfc95/value {"text": "!Q!Q1q1q", "value": ["!", "Q", "!", "Q", "1", "q", "1", "q"], "id": "810a13ba-cd1f-47f2-8fa2-56cf3e8dfc95"}
17:37:46,379 urllib3.connectionpool DEBUG http://localhost:58429 "POST /session/e82f370cddb0ab8d212f3f935bc35c44/element/810a13ba-cd1f-47f2-8fa2-56cf3e8dfc95/value HTTP/1.1" 200 14
17:37:46,380 selenium.webdriver.remote.remote_connection DEBUG Finished Request
17:37:46,380 root ERROR C:\Users\Haim\PycharmProjects\SeleniumProject\Selenium\SeleniumProject\Pages\login.py:14: DeprecationWarning: find_element_by_* commands are deprecated. Please use find_element() instead
  self.driver.find_element_by_xpath(self.login_button_path).click()

17:37:46,380 selenium.webdriver.remote.remote_connection DEBUG POST http://localhost:58429/session/e82f370cddb0ab8d212f3f935bc35c44/element {"using": "xpath", "value": "//button[@type='submit']"}
17:37:46,388 urllib3.connectionpool DEBUG http://localhost:58429 "POST /session/e82f370cddb0ab8d212f3f935bc35c44/element HTTP/1.1" 200 88
17:37:46,389 selenium.webdriver.remote.remote_connection DEBUG Finished Request
17:37:46,389 selenium.webdriver.remote.remote_connection DEBUG POST http://localhost:58429/session/e82f370cddb0ab8d212f3f935bc35c44/element/dbe5700a-a479-4e96-8c23-0db96c5592fd/click {"id": "dbe5700a-a479-4e96-8c23-0db96c5592fd"}
17:37:46,429 urllib3.connectionpool DEBUG http://localhost:58429 "POST /session/e82f370cddb0ab8d212f3f935bc35c44/element/dbe5700a-a479-4e96-8c23-0db96c5592fd/click HTTP/1.1" 200 14
17:37:46,429 selenium.webdriver.remote.remote_connection DEBUG Finished Request
17:37:48,431 selenium.webdriver.remote.remote_connection DEBUG POST http://localhost:58429/session/e82f370cddb0ab8d212f3f935bc35c44/timeouts {"implicit": 5000}
17:37:48,433 urllib3.connectionpool DEBUG http://localhost:58429 "POST /session/e82f370cddb0ab8d212f3f935bc35c44/timeouts HTTP/1.1" 200 14
17:37:48,433 selenium.webdriver.remote.remote_connection DEBUG Finished Request
17:37:55,443 root ERROR C:\Users\Haim\PycharmProjects\SeleniumProject\Selenium\SeleniumProject\Pages\login.py:24: DeprecationWarning: find_element_by_* commands are deprecated. Please use find_element() instead
  self.driver.find_element_by_xpath(self.payoff_path).send_keys(payoff)

17:37:55,444 selenium.webdriver.remote.remote_connection DEBUG POST http://localhost:58429/session/e82f370cddb0ab8d212f3f935bc35c44/element {"using": "xpath", "value": "//div[2]/div/div[2]/div/div[2]/select"}
17:37:55,488 urllib3.connectionpool DEBUG http://localhost:58429 "POST /session/e82f370cddb0ab8d212f3f935bc35c44/element HTTP/1.1" 200 88
17:37:55,488 selenium.webdriver.remote.remote_connection DEBUG Finished Request
17:37:55,490 selenium.webdriver.remote.remote_connection DEBUG POST http://localhost:58429/session/e82f370cddb0ab8d212f3f935bc35c44/element/25617a3e-3305-4bc2-ab96-404a453c3ffb/value {"text": "Call Up and Out Option", "value": ["C", "a", "l", "l", " ", "U", "p", " ", "a", "n", "d", " ", "O", "u", "t", " ", "O", "p", "t", "i", "o", "n"], "id": "25617a3e-3305-4bc2-ab96-404a453c3ffb"}
17:37:55,572 urllib3.connectionpool DEBUG http://localhost:58429 "POST /session/e82f370cddb0ab8d212f3f935bc35c44/element/25617a3e-3305-4bc2-ab96-404a453c3ffb/value HTTP/1.1" 200 14
17:37:55,572 selenium.webdriver.remote.remote_connection DEBUG Finished Request
17:38:05,583 selenium.webdriver.remote.remote_connection DEBUG POST http://localhost:58429/session/e82f370cddb0ab8d212f3f935bc35c44/timeouts {"implicit": 5000}
17:38:05,590 urllib3.connectionpool DEBUG http://localhost:58429 "POST /session/e82f370cddb0ab8d212f3f935bc35c44/timeouts HTTP/1.1" 200 14
17:38:05,590 selenium.webdriver.remote.remote_connection DEBUG Finished Request
17:38:05,591 root ERROR C:\Users\Haim\PycharmProjects\SeleniumProject\Selenium\SeleniumProject\Pages\login.py:27: DeprecationWarning: find_element_by_* commands are deprecated. Please use find_element() instead
  self.driver.find_element_by_xpath(self.home_path).click()

17:38:05,591 selenium.webdriver.remote.remote_connection DEBUG POST http://localhost:58429/session/e82f370cddb0ab8d212f3f935bc35c44/element {"using": "xpath", "value": "//button[contains(text(),'New Trade')]"}
17:38:05,630 urllib3.connectionpool DEBUG http://localhost:58429 "POST /session/e82f370cddb0ab8d212f3f935bc35c44/element HTTP/1.1" 200 88
17:38:05,630 selenium.webdriver.remote.remote_connection DEBUG Finished Request
17:38:05,630 selenium.webdriver.remote.remote_connection DEBUG POST http://localhost:58429/session/e82f370cddb0ab8d212f3f935bc35c44/element/ff77951d-b74e-4297-986f-4d6d2d81f11b/click {"id": "ff77951d-b74e-4297-986f-4d6d2d81f11b"}
17:38:05,729 urllib3.connectionpool DEBUG http://localhost:58429 "POST /session/e82f370cddb0ab8d212f3f935bc35c44/element/ff77951d-b74e-4297-986f-4d6d2d81f11b/click HTTP/1.1" 200 14
17:38:05,730 selenium.webdriver.remote.remote_connection DEBUG Finished Request
17:38:05,730 selenium.webdriver.remote.remote_connection DEBUG POST http://localhost:58429/session/e82f370cddb0ab8d212f3f935bc35c44/timeouts {"implicit": 30000}
17:38:05,732 urllib3.connectionpool DEBUG http://localhost:58429 "POST /session/e82f370cddb0ab8d212f3f935bc35c44/timeouts HTTP/1.1" 200 14
17:38:05,733 selenium.webdriver.remote.remote_connection DEBUG Finished Request
17:38:05,733 selenium.webdriver.remote.remote_connection DEBUG GET http://localhost:58429/session/e82f370cddb0ab8d212f3f935bc35c44/title {}
17:38:05,739 urllib3.connectionpool DEBUG http://localhost:58429 "GET /session/e82f370cddb0ab8d212f3f935bc35c44/title HTTP/1.1" 200 21
17:38:05,739 selenium.webdriver.remote.remote_connection DEBUG Finished Request
17:38:05,739 root ERROR .
17:38:05,739 selenium.webdriver.remote.remote_connection DEBUG POST http://localhost:58429/session/e82f370cddb0ab8d212f3f935bc35c44/timeouts {"implicit": 30000}
17:38:05,740 urllib3.connectionpool DEBUG http://localhost:58429 "POST /session/e82f370cddb0ab8d212f3f935bc35c44/timeouts HTTP/1.1" 200 14
17:38:05,741 selenium.webdriver.remote.remote_connection DEBUG Finished Request
17:38:05,744 root ERROR C:\Users\Haim\PycharmProjects\SeleniumProject\Selenium\SeleniumProject\Pages\sanity.py:30: DeprecationWarning: find_element_by_* commands are deprecated. Please use find_element() instead
  self.driver.find_element_by_xpath(self.solvefor_path).send_keys(solvefor)

17:38:05,744 selenium.webdriver.remote.remote_connection DEBUG POST http://localhost:58429/session/e82f370cddb0ab8d212f3f935bc35c44/element {"using": "xpath", "value": "//body/app-root[1]/app-container-page[1]/div[1]/app-product[1]/windows-manager[1]/as-split[1]/as-split-area[2]/wm-window[1]/product-main[1]/div[2]/form[1]/div[1]/dynamic-details-block[3]/div[2]/dynamic-block-content[1]/div[1]/custom-combobox[2]/div[3]/select"}
17:38:20,736 urllib3.connectionpool DEBUG http://localhost:58429 "POST /session/e82f370cddb0ab8d212f3f935bc35c44/element HTTP/1.1" 200 88
17:38:20,737 selenium.webdriver.remote.remote_connection DEBUG Finished Request
17:38:20,737 selenium.webdriver.remote.remote_connection DEBUG POST http://localhost:58429/session/e82f370cddb0ab8d212f3f935bc35c44/element/9534affc-7767-42a2-a949-3708c3fdc435/value {"text": "Reoffer", "value": ["R", "e", "o", "f", "f", "e", "r"], "id": "9534affc-7767-42a2-a949-3708c3fdc435"}
17:38:20,821 urllib3.connectionpool DEBUG http://localhost:58429 "POST /session/e82f370cddb0ab8d212f3f935bc35c44/element/9534affc-7767-42a2-a949-3708c3fdc435/value HTTP/1.1" 200 14
17:38:20,822 selenium.webdriver.remote.remote_connection DEBUG Finished Request
